<?xml version="1.0" encoding="UTF-8" ?>
<testsuite tests="9" failures="0" name="org.dm.commandus.BusBuilderTest" time="0.053" errors="0" skipped="0">
  <properties>
[...]
</properties>
  <testcase classname="org.dm.commandus.BusBuilderTest" name="handlerWithoutAdditionalParams" time="0.045"/>
  <testcase classname="org.dm.commandus.BusBuilderTest" name="handlerWithOneAdditionalParamResolvedByTypeAndName" time="0.003"/>
  <testcase classname="org.dm.commandus.BusBuilderTest" name="handlerWithOneAdditionalParamResolvedByType" time="0.001"/>
  <testcase classname="org.dm.commandus.BusBuilderTest" name="handlerWithTwoAdditionalParamResolvedByTypeAndName" time="0.001"/>
  <testcase classname="org.dm.commandus.BusBuilderTest" name="errorIfMoreThanOneCommandHandlerForCommandFound" time="0"/>
  <testcase classname="org.dm.commandus.BusBuilderTest" name="allHandlerMethodsAreRegistered" time="0.001"/>
  <testcase classname="org.dm.commandus.BusBuilderTest" name="errorIfValueProviderForCommandHandlerNotFound" time="0"/>
  <testcase classname="org.dm.commandus.BusBuilderTest" name="errorIfCommandWithoutCommandHandler" time="0"/>
  <testcase classname="org.dm.commandus.BusBuilderTest" name="middleWareExecutedInCorrectOrder" time="0.002"/>
</testsuite>